<?xml version="1.0" encoding="UTF-8"?>
<testsuite name="com.phonebook.tests.AddContactTests" tests="1" skipped="0" failures="0" errors="0" timestamp="2024-04-10T09:24:05" hostname="DESKTOP-132KGSM" time="1.634">
  <properties/>
  <testcase name="addContactPositivTest" classname="com.phonebook.tests.AddContactTests" time="1.634"/>
  <system-out><![CDATA[]]></system-out>
  <system-err><![CDATA[]]></system-err>
</testsuite>
