<?xml version="1.0" encoding="UTF-8"?>
<testsuite name="com.phonebook.tests.LoginTests" tests="1" skipped="0" failures="0" errors="0" timestamp="2024-04-10T09:23:53" hostname="DESKTOP-132KGSM" time="1.192">
  <properties/>
  <testcase name="loginPositivTest" classname="com.phonebook.tests.LoginTests" time="1.192"/>
  <system-out><![CDATA[]]></system-out>
  <system-err><![CDATA[]]></system-err>
</testsuite>
